{"H:\\ultimate-redux\\src\\math.js": {"path":"H:\\ultimate-redux\\src\\math.js","statementMap":{"0":{"start":{"line":1,"column":22},"end":{"line":1,"column":50}},"1":{"start":{"line":1,"column":34},"end":{"line":1,"column":50}}},"fnMap":{"0":{"name":"(anonymous_0)","decl":{"start":{"line":1,"column":22},"end":{"line":1,"column":23}},"loc":{"start":{"line":1,"column":34},"end":{"line":1,"column":50}},"line":1}},"branchMap":{},"s":{"0":1,"1":2},"f":{"0":2},"b":{},"_coverageSchema":"1a1c01bbd47fc00a2c39e90264f33305004495a9","hash":"e2dab2951a63e1af11a70cd7a6c14cf10fe4abe3"}
,"H:\\ultimate-redux\\src\\store\\api.js": {"path":"H:\\ultimate-redux\\src\\store\\api.js","statementMap":{"0":{"start":{"line":3,"column":28},"end":{"line":3,"column":57}},"1":{"start":{"line":4,"column":30},"end":{"line":4,"column":61}},"2":{"start":{"line":5,"column":29},"end":{"line":5,"column":59}}},"fnMap":{},"branchMap":{},"s":{"0":1,"1":1,"2":1},"f":{},"b":{},"_coverageSchema":"1a1c01bbd47fc00a2c39e90264f33305004495a9","hash":"88967e9d6207254dcb1381a884a5150c2e4670c6"}
,"H:\\ultimate-redux\\src\\store\\bugs.js": {"path":"H:\\ultimate-redux\\src\\store\\bugs.js","statementMap":{"0":{"start":{"line":11,"column":14},"end":{"line":48,"column":2}},"1":{"start":{"line":20,"column":6},"end":{"line":20,"column":26}},"2":{"start":{"line":23,"column":6},"end":{"line":23,"column":27}},"3":{"start":{"line":26,"column":6},"end":{"line":26,"column":33}},"4":{"start":{"line":27,"column":6},"end":{"line":27,"column":27}},"5":{"start":{"line":28,"column":6},"end":{"line":28,"column":34}},"6":{"start":{"line":31,"column":6},"end":{"line":31,"column":37}},"7":{"start":{"line":34,"column":20},"end":{"line":34,"column":78}},"8":{"start":{"line":34,"column":49},"end":{"line":34,"column":77}},"9":{"start":{"line":35,"column":6},"end":{"line":35,"column":33}},"10":{"start":{"line":39,"column":20},"end":{"line":39,"column":78}},"11":{"start":{"line":39,"column":49},"end":{"line":39,"column":77}},"12":{"start":{"line":40,"column":6},"end":{"line":40,"column":39}},"13":{"start":{"line":43,"column":36},"end":{"line":43,"column":50}},"14":{"start":{"line":44,"column":20},"end":{"line":44,"column":62}},"15":{"start":{"line":44,"column":47},"end":{"line":44,"column":61}},"16":{"start":{"line":45,"column":6},"end":{"line":45,"column":39}},"17":{"start":{"line":59,"column":4},"end":{"line":59,"column":17}},"18":{"start":{"line":65,"column":12},"end":{"line":65,"column":19}},"19":{"start":{"line":67,"column":24},"end":{"line":81,"column":1}},"20":{"start":{"line":67,"column":30},"end":{"line":81,"column":1}},"21":{"start":{"line":68,"column":24},"end":{"line":68,"column":48}},"22":{"start":{"line":70,"column":24},"end":{"line":70,"column":67}},"23":{"start":{"line":71,"column":2},"end":{"line":71,"column":33}},"24":{"start":{"line":71,"column":26},"end":{"line":71,"column":33}},"25":{"start":{"line":73,"column":2},"end":{"line":80,"column":4}},"26":{"start":{"line":88,"column":22},"end":{"line":94,"column":4}},"27":{"start":{"line":89,"column":2},"end":{"line":94,"column":4}},"28":{"start":{"line":106,"column":31},"end":{"line":112,"column":4}},"29":{"start":{"line":107,"column":2},"end":{"line":112,"column":4}},"30":{"start":{"line":114,"column":26},"end":{"line":120,"column":4}},"31":{"start":{"line":115,"column":2},"end":{"line":120,"column":4}},"32":{"start":{"line":128,"column":16},"end":{"line":128,"column":46}},"33":{"start":{"line":128,"column":27},"end":{"line":128,"column":46}},"34":{"start":{"line":130,"column":33},"end":{"line":134,"column":1}},"35":{"start":{"line":132,"column":13},"end":{"line":132,"column":36}},"36":{"start":{"line":133,"column":22},"end":{"line":133,"column":54}},"37":{"start":{"line":133,"column":41},"end":{"line":133,"column":53}},"38":{"start":{"line":136,"column":29},"end":{"line":137,"column":76}},"39":{"start":{"line":137,"column":2},"end":{"line":137,"column":76}},"40":{"start":{"line":137,"column":36},"end":{"line":137,"column":75}},"41":{"start":{"line":137,"column":55},"end":{"line":137,"column":74}}},"fnMap":{"0":{"name":"(anonymous_0)","decl":{"start":{"line":19,"column":19},"end":{"line":19,"column":20}},"loc":{"start":{"line":19,"column":29},"end":{"line":21,"column":5}},"line":19},"1":{"name":"(anonymous_1)","decl":{"start":{"line":22,"column":23},"end":{"line":22,"column":24}},"loc":{"start":{"line":22,"column":33},"end":{"line":24,"column":5}},"line":22},"2":{"name":"(anonymous_2)","decl":{"start":{"line":25,"column":18},"end":{"line":25,"column":19}},"loc":{"start":{"line":25,"column":36},"end":{"line":29,"column":5}},"line":25},"3":{"name":"(anonymous_3)","decl":{"start":{"line":30,"column":14},"end":{"line":30,"column":15}},"loc":{"start":{"line":30,"column":32},"end":{"line":32,"column":5}},"line":30},"4":{"name":"(anonymous_4)","decl":{"start":{"line":33,"column":16},"end":{"line":33,"column":17}},"loc":{"start":{"line":33,"column":34},"end":{"line":36,"column":5}},"line":33},"5":{"name":"(anonymous_5)","decl":{"start":{"line":34,"column":40},"end":{"line":34,"column":41}},"loc":{"start":{"line":34,"column":49},"end":{"line":34,"column":77}},"line":34},"6":{"name":"(anonymous_6)","decl":{"start":{"line":38,"column":17},"end":{"line":38,"column":18}},"loc":{"start":{"line":38,"column":35},"end":{"line":41,"column":5}},"line":38},"7":{"name":"(anonymous_7)","decl":{"start":{"line":39,"column":40},"end":{"line":39,"column":41}},"loc":{"start":{"line":39,"column":49},"end":{"line":39,"column":77}},"line":39},"8":{"name":"(anonymous_8)","decl":{"start":{"line":42,"column":23},"end":{"line":42,"column":24}},"loc":{"start":{"line":42,"column":41},"end":{"line":46,"column":5}},"line":42},"9":{"name":"(anonymous_9)","decl":{"start":{"line":44,"column":40},"end":{"line":44,"column":41}},"loc":{"start":{"line":44,"column":47},"end":{"line":44,"column":61}},"line":44},"10":{"name":"(anonymous_10)","decl":{"start":{"line":67,"column":24},"end":{"line":67,"column":25}},"loc":{"start":{"line":67,"column":30},"end":{"line":81,"column":1}},"line":67},"11":{"name":"(anonymous_11)","decl":{"start":{"line":67,"column":30},"end":{"line":67,"column":31}},"loc":{"start":{"line":67,"column":54},"end":{"line":81,"column":1}},"line":67},"12":{"name":"(anonymous_12)","decl":{"start":{"line":88,"column":22},"end":{"line":88,"column":23}},"loc":{"start":{"line":89,"column":2},"end":{"line":94,"column":4}},"line":89},"13":{"name":"(anonymous_13)","decl":{"start":{"line":106,"column":31},"end":{"line":106,"column":32}},"loc":{"start":{"line":107,"column":2},"end":{"line":112,"column":4}},"line":107},"14":{"name":"(anonymous_14)","decl":{"start":{"line":114,"column":26},"end":{"line":114,"column":27}},"loc":{"start":{"line":115,"column":2},"end":{"line":120,"column":4}},"line":115},"15":{"name":"(anonymous_15)","decl":{"start":{"line":128,"column":16},"end":{"line":128,"column":17}},"loc":{"start":{"line":128,"column":27},"end":{"line":128,"column":46}},"line":128},"16":{"name":"(anonymous_16)","decl":{"start":{"line":132,"column":2},"end":{"line":132,"column":3}},"loc":{"start":{"line":132,"column":13},"end":{"line":132,"column":36}},"line":132},"17":{"name":"(anonymous_17)","decl":{"start":{"line":133,"column":2},"end":{"line":133,"column":3}},"loc":{"start":{"line":133,"column":22},"end":{"line":133,"column":54}},"line":133},"18":{"name":"(anonymous_18)","decl":{"start":{"line":133,"column":34},"end":{"line":133,"column":35}},"loc":{"start":{"line":133,"column":41},"end":{"line":133,"column":53}},"line":133},"19":{"name":"(anonymous_19)","decl":{"start":{"line":136,"column":29},"end":{"line":136,"column":30}},"loc":{"start":{"line":137,"column":2},"end":{"line":137,"column":76}},"line":137},"20":{"name":"(anonymous_20)","decl":{"start":{"line":137,"column":26},"end":{"line":137,"column":27}},"loc":{"start":{"line":137,"column":36},"end":{"line":137,"column":75}},"line":137},"21":{"name":"(anonymous_21)","decl":{"start":{"line":137,"column":48},"end":{"line":137,"column":49}},"loc":{"start":{"line":137,"column":55},"end":{"line":137,"column":74}},"line":137}},"branchMap":{"0":{"loc":{"start":{"line":71,"column":2},"end":{"line":71,"column":33}},"type":"if","locations":[{"start":{"line":71,"column":2},"end":{"line":71,"column":33}},{"start":{"line":71,"column":2},"end":{"line":71,"column":33}}],"line":71}},"s":{"0":1,"1":0,"2":0,"3":0,"4":0,"5":0,"6":1,"7":0,"8":0,"9":0,"10":0,"11":0,"12":0,"13":0,"14":0,"15":0,"16":0,"17":1,"18":1,"19":1,"20":0,"21":0,"22":0,"23":0,"24":0,"25":0,"26":1,"27":2,"28":1,"29":0,"30":1,"31":0,"32":1,"33":0,"34":1,"35":0,"36":0,"37":0,"38":1,"39":0,"40":0,"41":0},"f":{"0":0,"1":0,"2":0,"3":1,"4":0,"5":0,"6":0,"7":0,"8":0,"9":0,"10":0,"11":0,"12":2,"13":0,"14":0,"15":0,"16":0,"17":0,"18":0,"19":0,"20":0,"21":0},"b":{"0":[0,0]},"_coverageSchema":"1a1c01bbd47fc00a2c39e90264f33305004495a9","hash":"887cd25c06423280804e5e4ba8fedf4ebb17cb91"}
,"H:\\ultimate-redux\\src\\store\\configureStore.js": {"path":"H:\\ultimate-redux\\src\\store\\configureStore.js","statementMap":{"0":{"start":{"line":12,"column":2},"end":{"line":20,"column":5}}},"fnMap":{"0":{"name":"(anonymous_0)","decl":{"start":{"line":10,"column":15},"end":{"line":10,"column":16}},"loc":{"start":{"line":10,"column":27},"end":{"line":21,"column":1}},"line":10}},"branchMap":{},"s":{"0":2},"f":{"0":2},"b":{},"_coverageSchema":"1a1c01bbd47fc00a2c39e90264f33305004495a9","hash":"cdda1adb81fdb7b37b0cf8cf896e8cc6e00f85d7"}
,"H:\\ultimate-redux\\src\\store\\entities.js": {"path":"H:\\ultimate-redux\\src\\store\\entities.js","statementMap":{},"fnMap":{},"branchMap":{},"s":{},"f":{},"b":{},"_coverageSchema":"1a1c01bbd47fc00a2c39e90264f33305004495a9","hash":"1194084c4aa7c53993cac0efb47feafd1d4c52e2"}
,"H:\\ultimate-redux\\src\\store\\projects.js": {"path":"H:\\ultimate-redux\\src\\store\\projects.js","statementMap":{"0":{"start":{"line":3,"column":13},"end":{"line":3,"column":14}},"1":{"start":{"line":4,"column":14},"end":{"line":15,"column":2}},"2":{"start":{"line":9,"column":6},"end":{"line":12,"column":9}},"3":{"start":{"line":18,"column":32},"end":{"line":18,"column":45}}},"fnMap":{"0":{"name":"(anonymous_0)","decl":{"start":{"line":8,"column":18},"end":{"line":8,"column":19}},"loc":{"start":{"line":8,"column":40},"end":{"line":13,"column":5}},"line":8}},"branchMap":{},"s":{"0":1,"1":1,"2":0,"3":1},"f":{"0":0},"b":{},"_coverageSchema":"1a1c01bbd47fc00a2c39e90264f33305004495a9","hash":"e7f2c9a70ce6793ce92b6c52dd102365cf7f4940"}
,"H:\\ultimate-redux\\src\\store\\reducer.js": {"path":"H:\\ultimate-redux\\src\\store\\reducer.js","statementMap":{},"fnMap":{},"branchMap":{},"s":{},"f":{},"b":{},"_coverageSchema":"1a1c01bbd47fc00a2c39e90264f33305004495a9","hash":"9133fa4b04c9368899b417b6053337ea6ac41afe"}
,"H:\\ultimate-redux\\src\\store\\users.js": {"path":"H:\\ultimate-redux\\src\\store\\users.js","statementMap":{"0":{"start":{"line":3,"column":13},"end":{"line":3,"column":14}},"1":{"start":{"line":4,"column":14},"end":{"line":15,"column":2}},"2":{"start":{"line":9,"column":6},"end":{"line":12,"column":9}},"3":{"start":{"line":17,"column":29},"end":{"line":17,"column":42}}},"fnMap":{"0":{"name":"(anonymous_0)","decl":{"start":{"line":8,"column":15},"end":{"line":8,"column":16}},"loc":{"start":{"line":8,"column":34},"end":{"line":13,"column":5}},"line":8}},"branchMap":{},"s":{"0":1,"1":1,"2":0,"3":1},"f":{"0":0},"b":{},"_coverageSchema":"1a1c01bbd47fc00a2c39e90264f33305004495a9","hash":"b68e4ab2a0456f21819740c20181bae78ca8a76b"}
,"H:\\ultimate-redux\\src\\store\\middleware\\api.js": {"path":"H:\\ultimate-redux\\src\\store\\middleware\\api.js","statementMap":{"0":{"start":{"line":18,"column":12},"end":{"line":45,"column":1}},"1":{"start":{"line":18,"column":23},"end":{"line":45,"column":1}},"2":{"start":{"line":18,"column":33},"end":{"line":45,"column":1}},"3":{"start":{"line":19,"column":2},"end":{"line":19,"column":61}},"4":{"start":{"line":19,"column":41},"end":{"line":19,"column":61}},"5":{"start":{"line":21,"column":33},"end":{"line":21,"column":38}},"6":{"start":{"line":22,"column":61},"end":{"line":22,"column":75}},"7":{"start":{"line":24,"column":2},"end":{"line":24,"column":43}},"8":{"start":{"line":24,"column":15},"end":{"line":24,"column":43}},"9":{"start":{"line":26,"column":2},"end":{"line":26,"column":15}},"10":{"start":{"line":28,"column":2},"end":{"line":44,"column":3}},"11":{"start":{"line":29,"column":16},"end":{"line":34,"column":6}},"12":{"start":{"line":36,"column":4},"end":{"line":36,"column":39}},"13":{"start":{"line":38,"column":4},"end":{"line":38,"column":68}},"14":{"start":{"line":38,"column":19},"end":{"line":38,"column":68}},"15":{"start":{"line":41,"column":4},"end":{"line":41,"column":41}},"16":{"start":{"line":43,"column":4},"end":{"line":43,"column":67}},"17":{"start":{"line":43,"column":17},"end":{"line":43,"column":67}}},"fnMap":{"0":{"name":"(anonymous_0)","decl":{"start":{"line":18,"column":12},"end":{"line":18,"column":13}},"loc":{"start":{"line":18,"column":23},"end":{"line":45,"column":1}},"line":18},"1":{"name":"(anonymous_1)","decl":{"start":{"line":18,"column":23},"end":{"line":18,"column":24}},"loc":{"start":{"line":18,"column":33},"end":{"line":45,"column":1}},"line":18},"2":{"name":"(anonymous_2)","decl":{"start":{"line":18,"column":33},"end":{"line":18,"column":34}},"loc":{"start":{"line":18,"column":51},"end":{"line":45,"column":1}},"line":18}},"branchMap":{"0":{"loc":{"start":{"line":19,"column":2},"end":{"line":19,"column":61}},"type":"if","locations":[{"start":{"line":19,"column":2},"end":{"line":19,"column":61}},{"start":{"line":19,"column":2},"end":{"line":19,"column":61}}],"line":19},"1":{"loc":{"start":{"line":24,"column":2},"end":{"line":24,"column":43}},"type":"if","locations":[{"start":{"line":24,"column":2},"end":{"line":24,"column":43}},{"start":{"line":24,"column":2},"end":{"line":24,"column":43}}],"line":24},"2":{"loc":{"start":{"line":38,"column":4},"end":{"line":38,"column":68}},"type":"if","locations":[{"start":{"line":38,"column":4},"end":{"line":38,"column":68}},{"start":{"line":38,"column":4},"end":{"line":38,"column":68}}],"line":38},"3":{"loc":{"start":{"line":43,"column":4},"end":{"line":43,"column":67}},"type":"if","locations":[{"start":{"line":43,"column":4},"end":{"line":43,"column":67}},{"start":{"line":43,"column":4},"end":{"line":43,"column":67}}],"line":43}},"s":{"0":1,"1":2,"2":2,"3":5,"4":3,"5":2,"6":2,"7":2,"8":0,"9":2,"10":2,"11":2,"12":1,"13":1,"14":1,"15":1,"16":1,"17":0},"f":{"0":2,"1":2,"2":5},"b":{"0":[3,2],"1":[0,2],"2":[1,0],"3":[0,1]},"_coverageSchema":"1a1c01bbd47fc00a2c39e90264f33305004495a9","hash":"e5bedc812b0d2e3b224bda2d1022681d55d8563c"}
,"H:\\ultimate-redux\\src\\store\\middleware\\logger.js": {"path":"H:\\ultimate-redux\\src\\store\\middleware\\logger.js","statementMap":{"0":{"start":{"line":1,"column":15},"end":{"line":5,"column":1}},"1":{"start":{"line":1,"column":26},"end":{"line":5,"column":1}},"2":{"start":{"line":1,"column":37},"end":{"line":5,"column":1}},"3":{"start":{"line":1,"column":47},"end":{"line":5,"column":1}},"4":{"start":{"line":2,"column":2},"end":{"line":2,"column":33}},"5":{"start":{"line":4,"column":2},"end":{"line":4,"column":22}}},"fnMap":{"0":{"name":"(anonymous_0)","decl":{"start":{"line":1,"column":15},"end":{"line":1,"column":16}},"loc":{"start":{"line":1,"column":26},"end":{"line":5,"column":1}},"line":1},"1":{"name":"(anonymous_1)","decl":{"start":{"line":1,"column":26},"end":{"line":1,"column":27}},"loc":{"start":{"line":1,"column":37},"end":{"line":5,"column":1}},"line":1},"2":{"name":"(anonymous_2)","decl":{"start":{"line":1,"column":37},"end":{"line":1,"column":38}},"loc":{"start":{"line":1,"column":47},"end":{"line":5,"column":1}},"line":1},"3":{"name":"(anonymous_3)","decl":{"start":{"line":1,"column":47},"end":{"line":1,"column":48}},"loc":{"start":{"line":1,"column":59},"end":{"line":5,"column":1}},"line":1}},"branchMap":{},"s":{"0":1,"1":2,"2":2,"3":2,"4":5,"5":5},"f":{"0":2,"1":2,"2":2,"3":5},"b":{},"_coverageSchema":"1a1c01bbd47fc00a2c39e90264f33305004495a9","hash":"10d0653bba554bf4696fb7e4f2159ced3d23651e"}
,"H:\\ultimate-redux\\src\\store\\middleware\\toast.js": {"path":"H:\\ultimate-redux\\src\\store\\middleware\\toast.js","statementMap":{"0":{"start":{"line":1,"column":14},"end":{"line":7,"column":1}},"1":{"start":{"line":1,"column":25},"end":{"line":7,"column":1}},"2":{"start":{"line":1,"column":35},"end":{"line":7,"column":1}},"3":{"start":{"line":2,"column":2},"end":{"line":6,"column":3}},"4":{"start":{"line":3,"column":4},"end":{"line":3,"column":55}},"5":{"start":{"line":5,"column":4},"end":{"line":5,"column":24}}},"fnMap":{"0":{"name":"(anonymous_0)","decl":{"start":{"line":1,"column":14},"end":{"line":1,"column":15}},"loc":{"start":{"line":1,"column":25},"end":{"line":7,"column":1}},"line":1},"1":{"name":"(anonymous_1)","decl":{"start":{"line":1,"column":25},"end":{"line":1,"column":26}},"loc":{"start":{"line":1,"column":35},"end":{"line":7,"column":1}},"line":1},"2":{"name":"(anonymous_2)","decl":{"start":{"line":1,"column":35},"end":{"line":1,"column":36}},"loc":{"start":{"line":1,"column":47},"end":{"line":7,"column":1}},"line":1}},"branchMap":{"0":{"loc":{"start":{"line":2,"column":2},"end":{"line":6,"column":3}},"type":"if","locations":[{"start":{"line":2,"column":2},"end":{"line":6,"column":3}},{"start":{"line":2,"column":2},"end":{"line":6,"column":3}}],"line":2}},"s":{"0":1,"1":2,"2":2,"3":5,"4":0,"5":5},"f":{"0":2,"1":2,"2":5},"b":{"0":[0,5]},"_coverageSchema":"1a1c01bbd47fc00a2c39e90264f33305004495a9","hash":"ee2aae918ac4e3dfa66ba8dbc9ee8bbd5448ee4a"}
}
