TN:
SF:src\math.js
FN:1,(anonymous_0)
FNF:1
FNH:1
FNDA:2,(anonymous_0)
DA:1,2
LF:1
LH:1
BRF:0
BRH:0
end_of_record
TN:
SF:src\store\api.js
FNF:0
FNH:0
DA:3,1
DA:4,1
DA:5,1
LF:3
LH:3
BRF:0
BRH:0
end_of_record
TN:
SF:src\store\bugs.js
FN:19,(anonymous_0)
FN:22,(anonymous_1)
FN:25,(anonymous_2)
FN:30,(anonymous_3)
FN:33,(anonymous_4)
FN:34,(anonymous_5)
FN:38,(anonymous_6)
FN:39,(anonymous_7)
FN:42,(anonymous_8)
FN:44,(anonymous_9)
FN:67,(anonymous_10)
FN:67,(anonymous_11)
FN:88,(anonymous_12)
FN:106,(anonymous_13)
FN:114,(anonymous_14)
FN:128,(anonymous_15)
FN:132,(anonymous_16)
FN:133,(anonymous_17)
FN:133,(anonymous_18)
FN:136,(anonymous_19)
FN:137,(anonymous_20)
FN:137,(anonymous_21)
FNF:22
FNH:2
FNDA:0,(anonymous_0)
FNDA:0,(anonymous_1)
FNDA:0,(anonymous_2)
FNDA:1,(anonymous_3)
FNDA:0,(anonymous_4)
FNDA:0,(anonymous_5)
FNDA:0,(anonymous_6)
FNDA:0,(anonymous_7)
FNDA:0,(anonymous_8)
FNDA:0,(anonymous_9)
FNDA:0,(anonymous_10)
FNDA:0,(anonymous_11)
FNDA:2,(anonymous_12)
FNDA:0,(anonymous_13)
FNDA:0,(anonymous_14)
FNDA:0,(anonymous_15)
FNDA:0,(anonymous_16)
FNDA:0,(anonymous_17)
FNDA:0,(anonymous_18)
FNDA:0,(anonymous_19)
FNDA:0,(anonymous_20)
FNDA:0,(anonymous_21)
DA:11,1
DA:20,0
DA:23,0
DA:26,0
DA:27,0
DA:28,0
DA:31,1
DA:34,0
DA:35,0
DA:39,0
DA:40,0
DA:43,0
DA:44,0
DA:45,0
DA:59,1
DA:65,1
DA:67,1
DA:68,0
DA:70,0
DA:71,0
DA:73,0
DA:88,1
DA:89,2
DA:106,1
DA:107,0
DA:114,1
DA:115,0
DA:128,1
DA:130,1
DA:132,0
DA:133,0
DA:136,1
DA:137,0
LF:33
LH:12
BRDA:71,0,0,0
BRDA:71,0,1,0
BRF:2
BRH:0
end_of_record
TN:
SF:src\store\configureStore.js
FN:10,(anonymous_0)
FNF:1
FNH:1
FNDA:2,(anonymous_0)
DA:12,2
LF:1
LH:1
BRF:0
BRH:0
end_of_record
TN:
SF:src\store\entities.js
FNF:0
FNH:0
LF:0
LH:0
BRF:0
BRH:0
end_of_record
TN:
SF:src\store\projects.js
FN:8,(anonymous_0)
FNF:1
FNH:0
FNDA:0,(anonymous_0)
DA:3,1
DA:4,1
DA:9,0
DA:18,1
LF:4
LH:3
BRF:0
BRH:0
end_of_record
TN:
SF:src\store\reducer.js
FNF:0
FNH:0
LF:0
LH:0
BRF:0
BRH:0
end_of_record
TN:
SF:src\store\users.js
FN:8,(anonymous_0)
FNF:1
FNH:0
FNDA:0,(anonymous_0)
DA:3,1
DA:4,1
DA:9,0
DA:17,1
LF:4
LH:3
BRF:0
BRH:0
end_of_record
TN:
SF:src\store\middleware\api.js
FN:18,(anonymous_0)
FN:18,(anonymous_1)
FN:18,(anonymous_2)
FNF:3
FNH:3
FNDA:2,(anonymous_0)
FNDA:2,(anonymous_1)
FNDA:5,(anonymous_2)
DA:18,2
DA:19,5
DA:21,2
DA:22,2
DA:24,2
DA:26,2
DA:28,2
DA:29,2
DA:36,1
DA:38,1
DA:41,1
DA:43,1
LF:12
LH:12
BRDA:19,0,0,3
BRDA:19,0,1,2
BRDA:24,1,0,0
BRDA:24,1,1,2
BRDA:38,2,0,1
BRDA:38,2,1,0
BRDA:43,3,0,0
BRDA:43,3,1,1
BRF:8
BRH:5
end_of_record
TN:
SF:src\store\middleware\logger.js
FN:1,(anonymous_0)
FN:1,(anonymous_1)
FN:1,(anonymous_2)
FN:1,(anonymous_3)
FNF:4
FNH:4
FNDA:2,(anonymous_0)
FNDA:2,(anonymous_1)
FNDA:2,(anonymous_2)
FNDA:5,(anonymous_3)
DA:1,2
DA:2,5
DA:4,5
LF:3
LH:3
BRF:0
BRH:0
end_of_record
TN:
SF:src\store\middleware\toast.js
FN:1,(anonymous_0)
FN:1,(anonymous_1)
FN:1,(anonymous_2)
FNF:3
FNH:3
FNDA:2,(anonymous_0)
FNDA:2,(anonymous_1)
FNDA:5,(anonymous_2)
DA:1,2
DA:2,5
DA:3,0
DA:5,5
LF:4
LH:3
BRDA:2,0,0,0
BRDA:2,0,1,5
BRF:2
BRH:1
end_of_record
